<?xml version="1.0" encoding="UTF-8"?>
<testng-results skipped="0" failed="0" ignored="0" total="1" passed="1">
  <reporter-output>
  </reporter-output>
  <suite name="Surefire suite" duration-ms="44007" started-at="2022-03-03T10:41:03 IST" finished-at="2022-03-03T10:41:47 IST">
    <groups>
    </groups>
    <test name="Surefire test" duration-ms="44007" started-at="2022-03-03T10:41:03 IST" finished-at="2022-03-03T10:41:47 IST">
      <class name="com.rahul.BDDProject.AppTest">
        <test-method status="PASS" signature="shouldAnswerWithTrue()" name="shouldAnswerWithTrue" duration-ms="17" started-at="2022-03-03T10:41:03 IST" finished-at="2022-03-03T10:41:03 IST">
          <reporter-output>
          </reporter-output>
        </test-method> <!-- shouldAnswerWithTrue -->
      </class> <!-- com.rahul.BDDProject.AppTest -->
    </test> <!-- Surefire test -->
  </suite> <!-- Surefire suite -->
</testng-results>
